<?xml version="1.0" encoding="UTF-8"?>
<testng-results ignored="0" total="1" passed="1" failed="0" skipped="0">
  <reporter-output>
  </reporter-output>
  <suite started-at="2022-11-27T13:24:44 IST" name="Suite" finished-at="2022-11-27T13:25:53 IST" duration-ms="69637">
    <groups>
      <group name="Sanity">
        <method signature="TC_RF_0012.registration()[pri:0, instance:testCases.RegistrationFunctionality.TC_RF_0012@3f6f6701]" name="registration" class="testCases.RegistrationFunctionality.TC_RF_0012"/>
      </group> <!-- Sanity -->
      <group name="master">
        <method signature="TC_RF_0012.registration()[pri:0, instance:testCases.RegistrationFunctionality.TC_RF_0012@3f6f6701]" name="registration" class="testCases.RegistrationFunctionality.TC_RF_0012"/>
      </group> <!-- master -->
    </groups>
    <test started-at="2022-11-27T13:24:44 IST" name="Test" finished-at="2022-11-27T13:25:53 IST" duration-ms="69637">
      <class name="testCases.RegistrationFunctionality.TC_RF_0012">
        <test-method is-config="true" signature="setup(java.lang.String)[pri:0, instance:testCases.RegistrationFunctionality.TC_RF_0012@3f6f6701]" started-at="2022-11-27T13:24:44 IST" name="setup" finished-at="2022-11-27T13:25:30 IST" duration-ms="45847" status="PASS">
          <params>
            <param index="0">
              <value>
                <![CDATA[chrome]]>
              </value>
            </param>
          </params>
          <reporter-output>
          </reporter-output>
        </test-method> <!-- setup -->
        <test-method signature="registration()[pri:0, instance:testCases.RegistrationFunctionality.TC_RF_0012@3f6f6701]" started-at="2022-11-27T13:25:30 IST" name="registration" finished-at="2022-11-27T13:25:53 IST" duration-ms="22948" status="PASS">
          <reporter-output>
          </reporter-output>
        </test-method> <!-- registration -->
      </class> <!-- testCases.RegistrationFunctionality.TC_RF_0012 -->
    </test> <!-- Test -->
  </suite> <!-- Suite -->
</testng-results>
